2025-12-28 10:50:24.709 [main] INFO  FrameworkLogger - Loaded config.properties from path: C:\Users\Basharmal Safi\eclipse-workspace\Openemr/src/test/resources/config.properties
2025-12-28 10:55:06.961 [main] INFO  FrameworkLogger - Loaded config.properties from path: C:\Users\Basharmal Safi\eclipse-workspace\Openemr/src/test/resources/config.properties
2025-12-28 10:55:06.962 [main] INFO  FrameworkLogger - Initializing browser: chrome
2025-12-28 10:55:08.782 [main] INFO  FrameworkLogger - ChromeDriver initialized successfully
2025-12-28 10:55:08.783 [main] INFO  FrameworkLogger - Navigating to URL: http://localhost/openemr
2025-12-28 10:55:15.168 [main] INFO  FrameworkLogger - Quitting browser session
2025-12-28 12:05:41.903 [main] INFO  FrameworkLogger - Loaded config.properties from path: C:\Users\Basharmal Safi\eclipse-workspace\Openemr/src/test/resources/config.properties
2025-12-28 12:05:41.904 [main] INFO  FrameworkLogger - Initializing browser: chrome
2025-12-28 12:05:45.663 [main] INFO  FrameworkLogger - ChromeDriver initialized successfully
2025-12-28 12:05:45.663 [main] INFO  FrameworkLogger - Navigating to URL: http://localhost/openemr
2025-12-28 12:05:47.518 [main] INFO  FrameworkLogger - Screenshot saved to C:\Users\Basharmal Safi\eclipse-workspace\Openemr/screenshots/testFail_20251228_120547.png
2025-12-28 12:05:47.518 [main] INFO  FrameworkLogger - Quitting browser session
2025-12-28 12:05:47.704 [main] INFO  FrameworkLogger - Initializing browser: chrome
2025-12-28 12:05:48.691 [main] INFO  FrameworkLogger - ChromeDriver initialized successfully
2025-12-28 12:05:48.692 [main] INFO  FrameworkLogger - Navigating to URL: http://localhost/openemr
2025-12-28 12:05:49.796 [main] INFO  FrameworkLogger - Screenshot saved to C:\Users\Basharmal Safi\eclipse-workspace\Openemr/screenshots/testPass_20251228_120549.png
2025-12-28 12:05:49.797 [main] INFO  FrameworkLogger - Quitting browser session
2025-12-28 12:05:49.946 [main] INFO  FrameworkLogger - Initializing browser: chrome
2025-12-28 12:05:50.837 [main] INFO  FrameworkLogger - ChromeDriver initialized successfully
2025-12-28 12:05:50.837 [main] INFO  FrameworkLogger - Navigating to URL: http://localhost/openemr
2025-12-28 12:05:51.766 [main] INFO  FrameworkLogger - Screenshot saved to C:\Users\Basharmal Safi\eclipse-workspace\Openemr/screenshots/testSkip_20251228_120551.png
2025-12-28 12:05:51.766 [main] INFO  FrameworkLogger - Quitting browser session
2025-12-28 12:08:06.420 [main] INFO  FrameworkLogger - Loaded config.properties from path: C:\Users\Basharmal Safi\eclipse-workspace\Openemr/src/test/resources/config.properties
2025-12-28 12:08:06.421 [main] INFO  FrameworkLogger - Initializing browser: chrome
2025-12-28 12:08:08.500 [main] INFO  FrameworkLogger - ChromeDriver initialized successfully
2025-12-28 12:08:08.501 [main] INFO  FrameworkLogger - Navigating to URL: http://localhost/openemr
2025-12-28 12:08:09.543 [main] INFO  FrameworkLogger - Screenshot saved to C:\Users\Basharmal Safi\eclipse-workspace\Openemr/screenshots/testFail_20251228_120809.png
2025-12-28 12:08:09.544 [main] INFO  FrameworkLogger - Quitting browser session
2025-12-28 12:08:09.747 [main] INFO  FrameworkLogger - Initializing browser: chrome
2025-12-28 12:08:10.676 [main] INFO  FrameworkLogger - ChromeDriver initialized successfully
2025-12-28 12:08:10.676 [main] INFO  FrameworkLogger - Navigating to URL: http://localhost/openemr
2025-12-28 12:08:11.729 [main] INFO  FrameworkLogger - Screenshot saved to C:\Users\Basharmal Safi\eclipse-workspace\Openemr/screenshots/testPass_20251228_120811.png
2025-12-28 12:08:11.729 [main] INFO  FrameworkLogger - Quitting browser session
2025-12-28 12:08:11.919 [main] INFO  FrameworkLogger - Initializing browser: chrome
2025-12-28 12:08:12.785 [main] INFO  FrameworkLogger - ChromeDriver initialized successfully
2025-12-28 12:08:12.785 [main] INFO  FrameworkLogger - Navigating to URL: http://localhost/openemr
2025-12-28 12:08:14.040 [main] INFO  FrameworkLogger - Screenshot saved to C:\Users\Basharmal Safi\eclipse-workspace\Openemr/screenshots/testSkip_20251228_120813.png
2025-12-28 12:08:14.040 [main] INFO  FrameworkLogger - Quitting browser session
2025-12-28 12:12:02.379 [main] INFO  FrameworkLogger - Loaded config.properties from path: C:\Users\Basharmal Safi\eclipse-workspace\Openemr/src/test/resources/config.properties
2025-12-28 12:12:02.380 [main] INFO  FrameworkLogger - Initializing browser: chrome
2025-12-28 12:12:04.249 [main] INFO  FrameworkLogger - ChromeDriver initialized successfully
2025-12-28 12:12:04.250 [main] INFO  FrameworkLogger - Navigating to URL: http://localhost/openemr
2025-12-28 12:12:05.327 [main] INFO  FrameworkLogger - Screenshot saved to C:\Users\Basharmal Safi\eclipse-workspace\Openemr/screenshots/testFail_20251228_121205.png
2025-12-28 12:12:05.327 [main] INFO  FrameworkLogger - Quitting browser session
2025-12-28 12:12:05.538 [main] INFO  FrameworkLogger - Initializing browser: chrome
2025-12-28 12:12:06.416 [main] INFO  FrameworkLogger - ChromeDriver initialized successfully
2025-12-28 12:12:06.417 [main] INFO  FrameworkLogger - Navigating to URL: http://localhost/openemr
2025-12-28 12:12:07.485 [main] INFO  FrameworkLogger - Screenshot saved to C:\Users\Basharmal Safi\eclipse-workspace\Openemr/screenshots/testPass_20251228_121207.png
2025-12-28 12:12:07.486 [main] INFO  FrameworkLogger - Quitting browser session
2025-12-28 12:12:07.647 [main] INFO  FrameworkLogger - Initializing browser: chrome
2025-12-28 12:12:08.592 [main] INFO  FrameworkLogger - ChromeDriver initialized successfully
2025-12-28 12:12:08.592 [main] INFO  FrameworkLogger - Navigating to URL: http://localhost/openemr
2025-12-28 12:12:09.655 [main] INFO  FrameworkLogger - Screenshot saved to C:\Users\Basharmal Safi\eclipse-workspace\Openemr/screenshots/testSkip_20251228_121209.png
2025-12-28 12:12:09.656 [main] INFO  FrameworkLogger - Quitting browser session
2025-12-28 12:19:37.486 [main] INFO  FrameworkLogger - Loaded config.properties from path: C:\Users\Basharmal Safi\eclipse-workspace\Openemr/src/test/resources/config.properties
2025-12-28 12:19:37.525 [TestNG-test-OpenEMR Regression-1] INFO  FrameworkLogger - Initializing browser: chrome
2025-12-28 12:19:39.899 [TestNG-test-OpenEMR Regression-1] INFO  FrameworkLogger - ChromeDriver initialized successfully
2025-12-28 12:19:39.900 [TestNG-test-OpenEMR Regression-1] INFO  FrameworkLogger - Navigating to URL: http://localhost/openemr
2025-12-28 12:19:46.438 [TestNG-test-OpenEMR Regression-1] INFO  FrameworkLogger - Quitting browser session
2025-12-28 12:19:47.011 [TestNG-test-Report Test-1] INFO  FrameworkLogger - Initializing browser: chrome
2025-12-28 12:19:47.011 [TestNG-test-Report Test-2] INFO  FrameworkLogger - Initializing browser: chrome
2025-12-28 12:19:47.011 [TestNG-test-Report Test-3] INFO  FrameworkLogger - Initializing browser: chrome
2025-12-28 12:19:48.381 [TestNG-test-Report Test-2] INFO  FrameworkLogger - ChromeDriver initialized successfully
2025-12-28 12:19:48.383 [TestNG-test-Report Test-2] INFO  FrameworkLogger - Navigating to URL: http://localhost/openemr
2025-12-28 12:19:48.465 [TestNG-test-Report Test-1] INFO  FrameworkLogger - ChromeDriver initialized successfully
2025-12-28 12:19:48.466 [TestNG-test-Report Test-1] INFO  FrameworkLogger - Navigating to URL: http://localhost/openemr
2025-12-28 12:19:48.489 [TestNG-test-Report Test-3] INFO  FrameworkLogger - ChromeDriver initialized successfully
2025-12-28 12:19:48.490 [TestNG-test-Report Test-3] INFO  FrameworkLogger - Navigating to URL: http://localhost/openemr
2025-12-28 12:19:49.430 [TestNG-test-Report Test-3] INFO  FrameworkLogger - Quitting browser session
2025-12-28 12:19:49.435 [TestNG-test-Report Test-2] INFO  FrameworkLogger - Quitting browser session
2025-12-28 12:19:50.001 [TestNG-test-Report Test-1] INFO  FrameworkLogger - Screenshot saved to C:\Users\Basharmal Safi\eclipse-workspace\Openemr/screenshots/testFail_20251228_121949.png
2025-12-28 12:19:50.156 [TestNG-test-Report Test-1] INFO  FrameworkLogger - Screenshot saved to C:\Users\Basharmal Safi\eclipse-workspace\Openemr/screenshots/testFail_20251228_121950.png
2025-12-28 12:21:49.010 [main] INFO  FrameworkLogger - Loaded config.properties from path: C:\Users\Basharmal Safi\eclipse-workspace\Openemr/src/test/resources/config.properties
2025-12-28 12:21:49.049 [TestNG-test-OpenEMR Regression-1] INFO  FrameworkLogger - Initializing browser: chrome
2025-12-28 12:21:51.994 [TestNG-test-OpenEMR Regression-1] INFO  FrameworkLogger - ChromeDriver initialized successfully
2025-12-28 12:21:51.995 [TestNG-test-OpenEMR Regression-1] INFO  FrameworkLogger - Navigating to URL: http://localhost/openemr
2025-12-28 12:21:58.001 [TestNG-test-OpenEMR Regression-1] INFO  FrameworkLogger - Quitting browser session
2025-12-28 12:21:58.567 [TestNG-test-Report Test-2] INFO  FrameworkLogger - Initializing browser: chrome
2025-12-28 12:21:58.567 [TestNG-test-Report Test-3] INFO  FrameworkLogger - Initializing browser: chrome
2025-12-28 12:21:58.567 [TestNG-test-Report Test-1] INFO  FrameworkLogger - Initializing browser: chrome
2025-12-28 12:22:00.220 [TestNG-test-Report Test-1] INFO  FrameworkLogger - ChromeDriver initialized successfully
2025-12-28 12:22:00.220 [TestNG-test-Report Test-1] INFO  FrameworkLogger - Navigating to URL: http://localhost/openemr
2025-12-28 12:22:00.229 [TestNG-test-Report Test-2] INFO  FrameworkLogger - ChromeDriver initialized successfully
2025-12-28 12:22:00.230 [TestNG-test-Report Test-2] INFO  FrameworkLogger - Navigating to URL: http://localhost/openemr
2025-12-28 12:22:00.298 [TestNG-test-Report Test-3] INFO  FrameworkLogger - ChromeDriver initialized successfully
2025-12-28 12:22:00.298 [TestNG-test-Report Test-3] INFO  FrameworkLogger - Navigating to URL: http://localhost/openemr
2025-12-28 12:22:01.251 [TestNG-test-Report Test-3] INFO  FrameworkLogger - Quitting browser session
2025-12-28 12:22:01.263 [TestNG-test-Report Test-2] INFO  FrameworkLogger - Quitting browser session
2025-12-28 12:38:16.531 [main] INFO  FrameworkLogger - Loaded config.properties from path: C:\Users\Basharmal Safi\eclipse-workspace\Openemr/src/test/resources/config.properties
2025-12-28 12:38:16.570 [TestNG-test-OpenEMR Regression-1] INFO  FrameworkLogger - Initializing browser: chrome
2025-12-28 12:38:19.006 [TestNG-test-OpenEMR Regression-1] INFO  FrameworkLogger - ChromeDriver initialized successfully
2025-12-28 12:38:19.007 [TestNG-test-OpenEMR Regression-1] INFO  FrameworkLogger - Navigating to URL: http://localhost/openemr
2025-12-28 12:38:24.608 [TestNG-test-OpenEMR Regression-1] INFO  FrameworkLogger - Quitting browser session
2025-12-28 12:38:26.181 [TestNG-test-Report Test-2] INFO  FrameworkLogger - Initializing browser: chrome
2025-12-28 12:38:26.181 [TestNG-test-Report Test-3] INFO  FrameworkLogger - Initializing browser: chrome
2025-12-28 12:38:26.181 [TestNG-test-Report Test-1] INFO  FrameworkLogger - Initializing browser: chrome
2025-12-28 12:38:27.985 [TestNG-test-Report Test-1] INFO  FrameworkLogger - ChromeDriver initialized successfully
2025-12-28 12:38:27.986 [TestNG-test-Report Test-1] INFO  FrameworkLogger - Navigating to URL: http://localhost/openemr
2025-12-28 12:38:28.358 [TestNG-test-Report Test-3] INFO  FrameworkLogger - ChromeDriver initialized successfully
2025-12-28 12:38:28.359 [TestNG-test-Report Test-3] INFO  FrameworkLogger - Navigating to URL: http://localhost/openemr
2025-12-28 12:38:28.377 [TestNG-test-Report Test-2] INFO  FrameworkLogger - ChromeDriver initialized successfully
2025-12-28 12:38:28.378 [TestNG-test-Report Test-2] INFO  FrameworkLogger - Navigating to URL: http://localhost/openemr
2025-12-28 12:38:30.178 [TestNG-test-Report Test-3] INFO  FrameworkLogger - Quitting browser session
2025-12-28 12:38:30.254 [TestNG-test-Report Test-2] INFO  FrameworkLogger - Quitting browser session
2025-12-28 12:40:04.233 [TestNG-tests-2] INFO  FrameworkLogger - Loaded config.properties from path: C:\Users\Basharmal Safi\eclipse-workspace\Openemr/src/test/resources/config.properties
2025-12-28 12:40:04.295 [TestNG-tests-2] INFO  FrameworkLogger - Initializing browser: chrome
2025-12-28 12:40:04.303 [TestNG-tests-1] INFO  FrameworkLogger - Initializing browser: chrome
2025-12-28 12:40:06.090 [TestNG-tests-2] INFO  FrameworkLogger - Loaded config.properties from path: C:\Users\Basharmal Safi\eclipse-workspace\Openemr/src/test/resources/config.properties
2025-12-28 12:40:06.160 [TestNG-tests-2] INFO  FrameworkLogger - Initializing browser: chrome
2025-12-28 12:40:06.160 [TestNG-tests-1] INFO  FrameworkLogger - Initializing browser: chrome
2025-12-28 12:40:08.257 [TestNG-tests-1] INFO  FrameworkLogger - ChromeDriver initialized successfully
2025-12-28 12:40:08.257 [TestNG-tests-2] INFO  FrameworkLogger - ChromeDriver initialized successfully
2025-12-28 12:40:08.258 [TestNG-tests-1] INFO  FrameworkLogger - Navigating to URL: http://localhost/openemr
2025-12-28 12:40:08.258 [TestNG-tests-2] INFO  FrameworkLogger - Navigating to URL: http://localhost/openemr
2025-12-28 12:40:09.541 [TestNG-tests-2] INFO  FrameworkLogger - ChromeDriver initialized successfully
2025-12-28 12:40:09.541 [TestNG-tests-1] INFO  FrameworkLogger - ChromeDriver initialized successfully
2025-12-28 12:40:09.542 [TestNG-tests-1] INFO  FrameworkLogger - Navigating to URL: http://localhost/openemr
2025-12-28 12:40:09.542 [TestNG-tests-2] INFO  FrameworkLogger - Navigating to URL: http://localhost/openemr
2025-12-28 12:40:10.660 [TestNG-tests-2] INFO  FrameworkLogger - Screenshot saved to reports/screenshots/testFail_20251228_124010.png
2025-12-28 12:40:10.944 [TestNG-tests-2] INFO  FrameworkLogger - Screenshot saved to reports/screenshots/testFail_20251228_124010.png
2025-12-28 12:40:10.944 [TestNG-tests-2] INFO  FrameworkLogger - Quitting browser session
2025-12-28 12:40:11.236 [TestNG-tests-2] INFO  FrameworkLogger - Screenshot saved to reports/screenshots/testFail_20251228_124010.png
2025-12-28 12:40:11.528 [TestNG-tests-2] INFO  FrameworkLogger - Screenshot saved to reports/screenshots/testFail_20251228_124011.png
2025-12-28 12:40:11.528 [TestNG-tests-2] INFO  FrameworkLogger - Quitting browser session
2025-12-28 12:40:11.866 [TestNG-tests-2] INFO  FrameworkLogger - Initializing browser: chrome
2025-12-28 12:40:12.028 [TestNG-tests-2] INFO  FrameworkLogger - Initializing browser: chrome
2025-12-28 12:40:13.391 [TestNG-tests-2] INFO  FrameworkLogger - ChromeDriver initialized successfully
2025-12-28 12:40:13.392 [TestNG-tests-2] INFO  FrameworkLogger - Navigating to URL: http://localhost/openemr
2025-12-28 12:40:13.471 [TestNG-tests-2] INFO  FrameworkLogger - ChromeDriver initialized successfully
2025-12-28 12:40:13.472 [TestNG-tests-2] INFO  FrameworkLogger - Navigating to URL: http://localhost/openemr
2025-12-28 12:40:14.967 [TestNG-tests-2] INFO  FrameworkLogger - Quitting browser session
2025-12-28 12:40:15.013 [TestNG-tests-2] INFO  FrameworkLogger - Quitting browser session
2025-12-28 12:40:15.333 [TestNG-tests-2] INFO  FrameworkLogger - Initializing browser: chrome
2025-12-28 12:40:15.347 [TestNG-tests-2] INFO  FrameworkLogger - Initializing browser: chrome
2025-12-28 12:40:16.640 [TestNG-tests-2] INFO  FrameworkLogger - ChromeDriver initialized successfully
2025-12-28 12:40:16.641 [TestNG-tests-2] INFO  FrameworkLogger - Navigating to URL: http://localhost/openemr
2025-12-28 12:40:16.674 [TestNG-tests-2] INFO  FrameworkLogger - ChromeDriver initialized successfully
2025-12-28 12:40:16.676 [TestNG-tests-2] INFO  FrameworkLogger - Navigating to URL: http://localhost/openemr
2025-12-28 12:40:18.381 [TestNG-tests-2] INFO  FrameworkLogger - Quitting browser session
2025-12-28 12:40:18.510 [TestNG-tests-2] INFO  FrameworkLogger - Quitting browser session
2025-12-28 12:40:20.829 [TestNG-tests-1] INFO  FrameworkLogger - Quitting browser session
2025-12-28 12:40:21.711 [TestNG-tests-1] INFO  FrameworkLogger - Quitting browser session
2025-12-28 12:43:48.199 [TestNG-tests-2] INFO  FrameworkLogger - Loaded config.properties from path: C:\Users\Basharmal Safi\eclipse-workspace\Openemr/src/test/resources/config.properties
2025-12-28 12:43:48.243 [TestNG-tests-2] INFO  FrameworkLogger - Initializing browser: chrome
2025-12-28 12:43:48.243 [TestNG-tests-1] INFO  FrameworkLogger - Initializing browser: chrome
2025-12-28 12:43:50.379 [TestNG-tests-1] INFO  FrameworkLogger - ChromeDriver initialized successfully
2025-12-28 12:43:50.379 [TestNG-tests-2] INFO  FrameworkLogger - ChromeDriver initialized successfully
2025-12-28 12:43:50.380 [TestNG-tests-2] INFO  FrameworkLogger - Navigating to URL: http://localhost/openemr
2025-12-28 12:43:50.380 [TestNG-tests-1] INFO  FrameworkLogger - Navigating to URL: http://localhost/openemr
2025-12-28 12:43:51.690 [TestNG-tests-2] INFO  FrameworkLogger - Screenshot saved to reports/screenshots/testFail_20251228_124351.png
2025-12-28 12:43:51.853 [TestNG-tests-2] INFO  FrameworkLogger - Screenshot saved to reports/screenshots/testFail_20251228_124351.png
2025-12-28 12:43:51.853 [TestNG-tests-2] INFO  FrameworkLogger - Quitting browser session
2025-12-28 12:43:52.049 [TestNG-tests-2] INFO  FrameworkLogger - Initializing browser: chrome
2025-12-28 12:43:52.917 [TestNG-tests-2] INFO  FrameworkLogger - ChromeDriver initialized successfully
2025-12-28 12:43:52.917 [TestNG-tests-2] INFO  FrameworkLogger - Navigating to URL: http://localhost/openemr
2025-12-28 12:43:53.806 [TestNG-tests-2] INFO  FrameworkLogger - Quitting browser session
2025-12-28 12:43:53.968 [TestNG-tests-2] INFO  FrameworkLogger - Initializing browser: chrome
2025-12-28 12:43:54.913 [TestNG-tests-2] INFO  FrameworkLogger - ChromeDriver initialized successfully
2025-12-28 12:43:54.913 [TestNG-tests-2] INFO  FrameworkLogger - Navigating to URL: http://localhost/openemr
2025-12-28 12:43:55.889 [TestNG-tests-2] INFO  FrameworkLogger - Quitting browser session
2025-12-28 12:43:57.432 [TestNG-tests-1] INFO  FrameworkLogger - Quitting browser session
2025-12-28 12:52:28.971 [TestNG-tests-2] INFO  FrameworkLogger - Loaded config.properties from path: C:\Users\Basharmal Safi\eclipse-workspace\Openemr/src/test/resources/config.properties
2025-12-28 12:52:29.017 [TestNG-tests-2] INFO  FrameworkLogger - Initializing browser: chrome
2025-12-28 12:52:29.017 [TestNG-tests-1] INFO  FrameworkLogger - Initializing browser: chrome
2025-12-28 12:52:31.194 [TestNG-tests-1] INFO  FrameworkLogger - ChromeDriver initialized successfully
2025-12-28 12:52:31.194 [TestNG-tests-2] INFO  FrameworkLogger - ChromeDriver initialized successfully
2025-12-28 12:52:31.195 [TestNG-tests-2] INFO  FrameworkLogger - Navigating to URL: http://localhost/openemr
2025-12-28 12:52:31.195 [TestNG-tests-1] INFO  FrameworkLogger - Navigating to URL: http://localhost/openemr
2025-12-28 12:52:32.862 [TestNG-tests-2] INFO  FrameworkLogger - Screenshot saved to reports/screenshots/testFail_20251228_125232.png
2025-12-28 12:52:33.091 [TestNG-tests-2] INFO  FrameworkLogger - Screenshot saved to reports/screenshots/testFail_20251228_125232.png
2025-12-28 12:52:33.092 [TestNG-tests-2] INFO  FrameworkLogger - Quitting browser session
2025-12-28 12:52:33.373 [TestNG-tests-2] INFO  FrameworkLogger - Initializing browser: chrome
2025-12-28 12:52:34.456 [TestNG-tests-2] INFO  FrameworkLogger - ChromeDriver initialized successfully
2025-12-28 12:52:34.456 [TestNG-tests-2] INFO  FrameworkLogger - Navigating to URL: http://localhost/openemr
2025-12-28 12:52:36.096 [TestNG-tests-2] INFO  FrameworkLogger - Quitting browser session
2025-12-28 12:52:36.342 [TestNG-tests-2] INFO  FrameworkLogger - Initializing browser: chrome
2025-12-28 12:52:37.392 [TestNG-tests-2] INFO  FrameworkLogger - ChromeDriver initialized successfully
2025-12-28 12:52:37.393 [TestNG-tests-2] INFO  FrameworkLogger - Navigating to URL: http://localhost/openemr
2025-12-28 12:52:38.404 [TestNG-tests-2] INFO  FrameworkLogger - Quitting browser session
2025-12-28 12:52:39.866 [TestNG-tests-1] INFO  FrameworkLogger - Quitting browser session
