2025-12-28 10:38:54.729 [main] INFO  LoginPage - Page object created: LoginPage
2025-12-28 10:38:54.757 [main] INFO  LoginPage - LoginPage initialized
2025-12-28 10:38:54.758 [main] INFO  LoginPage - [BasePage.type] Typing 'XET-admin-88' into element: Username Input
2025-12-28 10:38:54.985 [main] INFO  LoginPage - [BasePage.type] Typing 'B@omar.1234567' into element: Password Input
2025-12-28 10:38:55.126 [main] INFO  LoginPage - [BasePage.click] Clicking on element: Login Button
2025-12-28 10:38:55.274 [main] INFO  LoginPage - Clicked on Login button
2025-12-28 10:38:55.277 [main] INFO  DashboardPage - Page object created: DashboardPage
2025-12-28 10:38:55.285 [main] INFO  DashboardPage - DashboardPage initialized
2025-12-28 10:38:55.295 [main] INFO  DashboardPage - [BasePage.getPageTitle] Current page title: OpenEMR Login
2025-12-28 10:38:55.295 [main] INFO  LoginTests - Verifying dashboard title: OpenEMR Login
2025-12-28 10:38:55.298 [main] INFO  LoginTests - === Completed test: validLoginTest ===
2025-12-28 10:38:55.303 [main] INFO  BaseTest - BaseTest.tearDown() called for method: validLoginTest
2025-12-28 10:38:55.303 [main] INFO  LoginTests - Test PASSED: validLoginTest
2025-12-28 10:38:55.303 [main] INFO  DriverFactory - Quitting browser session
2025-12-28 10:38:55.474 [main] INFO  LoginTests - ----- Test Teardown Completed -----
2025-12-28 10:38:55.502 [main] INFO  BaseTest - ===== Test Suite Execution Completed =====
2025-12-28 10:50:27.840 [main] INFO  LoginPage - Page object created: LoginPage
2025-12-28 10:50:27.865 [main] INFO  LoginPage - LoginPage initialized
2025-12-28 10:50:27.865 [main] INFO  LoginPage - [BasePage.type] Typing 'XET-admin-88' into element: Username Input
2025-12-28 10:50:28.036 [main] INFO  LoginPage - [BasePage.type] Typing 'B@omar.1234567' into element: Password Input
2025-12-28 10:50:28.173 [main] INFO  LoginPage - [BasePage.click] Clicking on element: Login Button
2025-12-28 10:50:33.005 [main] INFO  LoginPage - Clicked on Login button
2025-12-28 10:50:33.006 [main] INFO  DashboardPage - Page object created: DashboardPage
2025-12-28 10:50:33.007 [main] INFO  DashboardPage - DashboardPage initialized
2025-12-28 10:50:33.017 [main] INFO  DashboardPage - [BasePage.getPageTitle] Current page title: OpenEMR
2025-12-28 10:50:33.017 [main] INFO  LoginTests - Verifying dashboard title: OpenEMR
2025-12-28 10:50:33.020 [main] INFO  LoginTests - === Completed test: validLoginTest ===
2025-12-28 10:50:33.025 [main] INFO  BaseTest - BaseTest.tearDown() called for method: validLoginTest
2025-12-28 10:50:33.025 [main] INFO  LoginTests - Test PASSED: validLoginTest
2025-12-28 10:50:33.025 [main] INFO  DriverFactory - Quitting browser session
2025-12-28 10:50:33.187 [main] INFO  LoginTests - ----- Test Teardown Completed -----
2025-12-28 10:50:33.207 [main] INFO  BaseTest - ===== Test Suite Execution Completed =====
2025-12-28 10:55:09.863 [main] INFO  LoginPage - Page object created: LoginPage
2025-12-28 10:55:09.886 [main] INFO  LoginPage - LoginPage initialized
2025-12-28 10:55:09.887 [main] INFO  LoginPage - [BasePage.type] Typing 'XET-admin-88' into element: Username Input
2025-12-28 10:55:10.062 [main] INFO  LoginPage - [BasePage.type] Typing 'B@omar.1234567' into element: Password Input
2025-12-28 10:55:10.219 [main] INFO  LoginPage - [BasePage.click] Clicking on element: Login Button
2025-12-28 10:55:15.141 [main] INFO  LoginPage - Clicked on Login button
2025-12-28 10:55:15.144 [main] INFO  DashboardPage - Page object created: DashboardPage
2025-12-28 10:55:15.146 [main] INFO  DashboardPage - DashboardPage initialized
2025-12-28 10:55:15.156 [main] INFO  DashboardPage - [BasePage.getPageTitle] Current page title: OpenEMR
2025-12-28 10:55:15.157 [main] INFO  LoginTests - Verifying dashboard title: OpenEMR
2025-12-28 10:55:15.161 [main] INFO  LoginTests - === Completed test: validLoginTest ===
2025-12-28 10:55:15.167 [main] INFO  BaseTest - BaseTest.tearDown() called for method: validLoginTest
2025-12-28 10:55:15.167 [main] INFO  LoginTests - Test PASSED: validLoginTest
2025-12-28 10:55:15.168 [main] INFO  DriverFactory - Quitting browser session
2025-12-28 10:55:15.354 [main] INFO  LoginTests - ----- Test Teardown Completed -----
2025-12-28 10:55:15.377 [main] INFO  BaseTest - ===== Test Suite Execution Completed =====
2025-12-28 12:19:40.706 [TestNG-test-OpenEMR Regression-1] INFO  LoginPage - Page object created: LoginPage
2025-12-28 12:19:40.751 [TestNG-test-OpenEMR Regression-1] INFO  LoginPage - LoginPage initialized
2025-12-28 12:19:40.752 [TestNG-test-OpenEMR Regression-1] INFO  LoginPage - [BasePage.type] Typing 'XET-admin-88' into element: Username Input
2025-12-28 12:19:40.927 [TestNG-test-OpenEMR Regression-1] INFO  LoginPage - [BasePage.type] Typing 'B@omar.1234567' into element: Password Input
2025-12-28 12:19:41.059 [TestNG-test-OpenEMR Regression-1] INFO  LoginPage - [BasePage.click] Clicking on element: Login Button
2025-12-28 12:19:41.196 [TestNG-test-OpenEMR Regression-1] INFO  LoginPage - Clicked on Login button
2025-12-28 12:19:41.198 [TestNG-test-OpenEMR Regression-1] INFO  DashboardPage - Page object created: DashboardPage
2025-12-28 12:19:41.199 [TestNG-test-OpenEMR Regression-1] INFO  DashboardPage - DashboardPage initialized
2025-12-28 12:19:46.426 [TestNG-test-OpenEMR Regression-1] INFO  DashboardPage - [BasePage.getPageTitle] Current page title: OpenEMR
2025-12-28 12:19:46.427 [TestNG-test-OpenEMR Regression-1] INFO  LoginTests - Verifying dashboard title: OpenEMR
2025-12-28 12:19:46.432 [TestNG-test-OpenEMR Regression-1] INFO  LoginTests - === Completed test: validLoginTest ===
2025-12-28 12:19:46.434 [TestNG-test-OpenEMR Regression-1] INFO  TestListener - Test Passed: validLoginTest
2025-12-28 12:19:46.437 [TestNG-test-OpenEMR Regression-1] INFO  BaseTest - BaseTest.tearDown() called for method: validLoginTest
2025-12-28 12:19:46.437 [TestNG-test-OpenEMR Regression-1] INFO  LoginTests - Test PASSED: validLoginTest
2025-12-28 12:19:46.438 [TestNG-test-OpenEMR Regression-1] INFO  DriverFactory - Quitting browser session
2025-12-28 12:19:46.613 [TestNG-test-OpenEMR Regression-1] INFO  LoginTests - ----- Test Teardown Completed -----
2025-12-28 12:21:52.868 [TestNG-test-OpenEMR Regression-1] INFO  LoginPage - Page object created: LoginPage
2025-12-28 12:21:52.896 [TestNG-test-OpenEMR Regression-1] INFO  LoginPage - LoginPage initialized
2025-12-28 12:21:52.897 [TestNG-test-OpenEMR Regression-1] INFO  LoginPage - [BasePage.type] Typing 'XET-admin-88' into element: Username Input
2025-12-28 12:21:53.081 [TestNG-test-OpenEMR Regression-1] INFO  LoginPage - [BasePage.type] Typing 'B@omar.1234567' into element: Password Input
2025-12-28 12:21:53.211 [TestNG-test-OpenEMR Regression-1] INFO  LoginPage - [BasePage.click] Clicking on element: Login Button
2025-12-28 12:21:53.340 [TestNG-test-OpenEMR Regression-1] INFO  LoginPage - Clicked on Login button
2025-12-28 12:21:53.342 [TestNG-test-OpenEMR Regression-1] INFO  DashboardPage - Page object created: DashboardPage
2025-12-28 12:21:53.343 [TestNG-test-OpenEMR Regression-1] INFO  DashboardPage - DashboardPage initialized
2025-12-28 12:21:57.987 [TestNG-test-OpenEMR Regression-1] INFO  DashboardPage - [BasePage.getPageTitle] Current page title: OpenEMR
2025-12-28 12:21:57.988 [TestNG-test-OpenEMR Regression-1] INFO  LoginTests - Verifying dashboard title: OpenEMR
2025-12-28 12:21:57.990 [TestNG-test-OpenEMR Regression-1] INFO  LoginTests - === Completed test: validLoginTest ===
2025-12-28 12:21:57.994 [TestNG-test-OpenEMR Regression-1] INFO  TestListener - Test Passed: validLoginTest
2025-12-28 12:21:58.000 [TestNG-test-OpenEMR Regression-1] INFO  BaseTest - BaseTest.tearDown() called for method: validLoginTest
2025-12-28 12:21:58.001 [TestNG-test-OpenEMR Regression-1] INFO  LoginTests - Test PASSED: validLoginTest
2025-12-28 12:21:58.001 [TestNG-test-OpenEMR Regression-1] INFO  DriverFactory - Quitting browser session
2025-12-28 12:21:58.175 [TestNG-test-OpenEMR Regression-1] INFO  LoginTests - ----- Test Teardown Completed -----
2025-12-28 12:38:19.900 [TestNG-test-OpenEMR Regression-1] INFO  LoginPage - Page object created: LoginPage
2025-12-28 12:38:19.928 [TestNG-test-OpenEMR Regression-1] INFO  LoginPage - LoginPage initialized
2025-12-28 12:38:19.929 [TestNG-test-OpenEMR Regression-1] INFO  LoginPage - [BasePage.type] Typing 'XET-admin-88' into element: Username Input
2025-12-28 12:38:20.115 [TestNG-test-OpenEMR Regression-1] INFO  LoginPage - [BasePage.type] Typing 'B@omar.1234567' into element: Password Input
2025-12-28 12:38:20.243 [TestNG-test-OpenEMR Regression-1] INFO  LoginPage - [BasePage.click] Clicking on element: Login Button
2025-12-28 12:38:20.369 [TestNG-test-OpenEMR Regression-1] INFO  LoginPage - Clicked on Login button
2025-12-28 12:38:20.371 [TestNG-test-OpenEMR Regression-1] INFO  DashboardPage - Page object created: DashboardPage
2025-12-28 12:38:20.372 [TestNG-test-OpenEMR Regression-1] INFO  DashboardPage - DashboardPage initialized
2025-12-28 12:38:24.596 [TestNG-test-OpenEMR Regression-1] INFO  DashboardPage - [BasePage.getPageTitle] Current page title: OpenEMR
2025-12-28 12:38:24.596 [TestNG-test-OpenEMR Regression-1] INFO  LoginTests - Verifying dashboard title: OpenEMR
2025-12-28 12:38:24.599 [TestNG-test-OpenEMR Regression-1] INFO  LoginTests - === Completed test: validLoginTest ===
2025-12-28 12:38:24.603 [TestNG-test-OpenEMR Regression-1] INFO  TestListener - Test Passed: validLoginTest
2025-12-28 12:38:24.607 [TestNG-test-OpenEMR Regression-1] INFO  BaseTest - BaseTest.tearDown() called for method: validLoginTest
2025-12-28 12:38:24.607 [TestNG-test-OpenEMR Regression-1] INFO  LoginTests - Test PASSED: validLoginTest
2025-12-28 12:38:24.608 [TestNG-test-OpenEMR Regression-1] INFO  DriverFactory - Quitting browser session
2025-12-28 12:38:24.800 [TestNG-test-OpenEMR Regression-1] INFO  LoginTests - ----- Test Teardown Completed -----
2025-12-28 12:40:10.251 [TestNG-tests-1] INFO  LoginPage - Page object created: LoginPage
2025-12-28 12:40:10.330 [TestNG-tests-1] INFO  LoginPage - LoginPage initialized
2025-12-28 12:40:10.331 [TestNG-tests-1] INFO  LoginPage - [BasePage.type] Typing 'XET-admin-88' into element: Username Input
2025-12-28 12:40:10.867 [TestNG-tests-1] INFO  LoginPage - Page object created: LoginPage
2025-12-28 12:40:10.963 [TestNG-tests-1] INFO  LoginPage - [BasePage.type] Typing 'B@omar.1234567' into element: Password Input
2025-12-28 12:40:10.979 [TestNG-tests-1] INFO  LoginPage - LoginPage initialized
2025-12-28 12:40:10.980 [TestNG-tests-1] INFO  LoginPage - [BasePage.type] Typing 'XET-admin-88' into element: Username Input
2025-12-28 12:40:11.557 [TestNG-tests-1] INFO  LoginPage - [BasePage.click] Clicking on element: Login Button
2025-12-28 12:40:11.763 [TestNG-tests-1] INFO  LoginPage - [BasePage.type] Typing 'B@omar.1234567' into element: Password Input
2025-12-28 12:40:11.852 [TestNG-tests-1] INFO  LoginPage - Clicked on Login button
2025-12-28 12:40:11.857 [TestNG-tests-1] INFO  DashboardPage - Page object created: DashboardPage
2025-12-28 12:40:11.858 [TestNG-tests-1] INFO  DashboardPage - DashboardPage initialized
2025-12-28 12:40:12.135 [TestNG-tests-1] INFO  LoginPage - [BasePage.click] Clicking on element: Login Button
2025-12-28 12:40:20.821 [TestNG-tests-1] INFO  DashboardPage - [BasePage.getPageTitle] Current page title: OpenEMR
2025-12-28 12:40:20.822 [TestNG-tests-1] INFO  LoginTests - Verifying dashboard title: OpenEMR
2025-12-28 12:40:20.823 [TestNG-tests-1] INFO  LoginTests - === Completed test: validLoginTest ===
2025-12-28 12:40:20.825 [TestNG-tests-1] INFO  TestListener - Test Passed: validLoginTest
2025-12-28 12:40:20.829 [TestNG-tests-1] INFO  BaseTest - BaseTest.tearDown() called for method: validLoginTest
2025-12-28 12:40:20.829 [TestNG-tests-1] INFO  LoginTests - Test PASSED: validLoginTest
2025-12-28 12:40:20.829 [TestNG-tests-1] INFO  DriverFactory - Quitting browser session
2025-12-28 12:40:21.123 [TestNG-tests-1] INFO  LoginTests - ----- Test Teardown Completed -----
2025-12-28 12:40:21.663 [TestNG-tests-1] INFO  LoginPage - Clicked on Login button
2025-12-28 12:40:21.668 [TestNG-tests-1] INFO  DashboardPage - Page object created: DashboardPage
2025-12-28 12:40:21.672 [TestNG-tests-1] INFO  DashboardPage - DashboardPage initialized
2025-12-28 12:40:21.693 [TestNG-tests-1] INFO  TestListener - TestNG onFinish: OpenEMR Regression
2025-12-28 12:40:21.706 [TestNG-tests-1] INFO  DashboardPage - [BasePage.getPageTitle] Current page title: OpenEMR
2025-12-28 12:40:21.706 [TestNG-tests-1] INFO  LoginTests - Verifying dashboard title: OpenEMR
2025-12-28 12:40:21.706 [TestNG-tests-1] INFO  LoginTests - === Completed test: validLoginTest ===
2025-12-28 12:40:21.707 [TestNG-tests-1] INFO  TestListener - Test Passed: validLoginTest
2025-12-28 12:40:21.711 [TestNG-tests-1] INFO  BaseTest - BaseTest.tearDown() called for method: validLoginTest
2025-12-28 12:40:21.711 [TestNG-tests-1] INFO  LoginTests - Test PASSED: validLoginTest
2025-12-28 12:40:21.711 [TestNG-tests-1] INFO  DriverFactory - Quitting browser session
2025-12-28 12:40:22.895 [TestNG-tests-1] INFO  LoginTests - ----- Test Teardown Completed -----
2025-12-28 12:40:23.136 [TestNG-tests-1] INFO  TestListener - TestNG onFinish: OpenEMR Regression
2025-12-28 12:43:51.445 [TestNG-tests-1] INFO  LoginPage - Page object created: LoginPage
2025-12-28 12:43:51.512 [TestNG-tests-1] INFO  LoginPage - LoginPage initialized
2025-12-28 12:43:51.513 [TestNG-tests-1] INFO  LoginPage - [BasePage.type] Typing 'XET-admin-88' into element: Username Input
2025-12-28 12:43:51.698 [TestNG-tests-1] INFO  LoginPage - [BasePage.type] Typing 'B@omar.1234567' into element: Password Input
2025-12-28 12:43:51.844 [TestNG-tests-1] INFO  LoginPage - [BasePage.click] Clicking on element: Login Button
2025-12-28 12:43:57.404 [TestNG-tests-1] INFO  LoginPage - Clicked on Login button
2025-12-28 12:43:57.407 [TestNG-tests-1] INFO  DashboardPage - Page object created: DashboardPage
2025-12-28 12:43:57.409 [TestNG-tests-1] INFO  DashboardPage - DashboardPage initialized
2025-12-28 12:43:57.427 [TestNG-tests-1] INFO  DashboardPage - [BasePage.getPageTitle] Current page title: OpenEMR
2025-12-28 12:43:57.428 [TestNG-tests-1] INFO  LoginTests - Verifying dashboard title: OpenEMR
2025-12-28 12:43:57.428 [TestNG-tests-1] INFO  LoginTests - === Completed test: validLoginTest ===
2025-12-28 12:43:57.429 [TestNG-tests-1] INFO  TestListener - Test Passed: validLoginTest
2025-12-28 12:43:57.432 [TestNG-tests-1] INFO  BaseTest - BaseTest.tearDown() called for method: validLoginTest
2025-12-28 12:43:57.432 [TestNG-tests-1] INFO  LoginTests - Test PASSED: validLoginTest
2025-12-28 12:43:57.433 [TestNG-tests-1] INFO  DriverFactory - Quitting browser session
2025-12-28 12:43:57.608 [TestNG-tests-1] INFO  LoginTests - ----- Test Teardown Completed -----
2025-12-28 12:43:57.722 [TestNG-tests-1] INFO  TestListener - TestNG onFinish: OpenEMR Regression
2025-12-28 12:52:32.251 [TestNG-tests-1] INFO  LoginPage - Page object created: LoginPage
2025-12-28 12:52:32.308 [TestNG-tests-1] INFO  LoginPage - LoginPage initialized
2025-12-28 12:52:32.311 [TestNG-tests-1] INFO  LoginPage - [BasePage.type] Typing 'XET-admin-88' into element: Username Input
2025-12-28 12:52:32.903 [TestNG-tests-1] INFO  LoginPage - [BasePage.type] Typing 'B@omar.1234567' into element: Password Input
2025-12-28 12:52:33.122 [TestNG-tests-1] INFO  LoginPage - [BasePage.click] Clicking on element: Login Button
2025-12-28 12:52:39.846 [TestNG-tests-1] INFO  LoginPage - Clicked on Login button
2025-12-28 12:52:39.848 [TestNG-tests-1] INFO  DashboardPage - Page object created: DashboardPage
2025-12-28 12:52:39.850 [TestNG-tests-1] INFO  DashboardPage - DashboardPage initialized
2025-12-28 12:52:39.860 [TestNG-tests-1] INFO  DashboardPage - [BasePage.getPageTitle] Current page title: OpenEMR
2025-12-28 12:52:39.861 [TestNG-tests-1] INFO  LoginTests - Verifying dashboard title: OpenEMR
2025-12-28 12:52:39.862 [TestNG-tests-1] INFO  LoginTests - === Completed test: validLoginTest ===
2025-12-28 12:52:39.863 [TestNG-tests-1] INFO  TestListener - Test Passed: validLoginTest
2025-12-28 12:52:39.865 [TestNG-tests-1] INFO  BaseTest - BaseTest.tearDown() called for method: validLoginTest
2025-12-28 12:52:39.866 [TestNG-tests-1] INFO  LoginTests - Test PASSED: validLoginTest
2025-12-28 12:52:39.866 [TestNG-tests-1] INFO  DriverFactory - Quitting browser session
2025-12-28 12:52:40.059 [TestNG-tests-1] INFO  LoginTests - ----- Test Teardown Completed -----
2025-12-28 12:52:40.252 [TestNG-tests-1] INFO  TestListener - TestNG onFinish: OpenEMR Regression
