2026-01-02 13:03:05.583 [main] INFO  DriverFactory - Initializing browser: chrome
2026-01-02 13:03:07.907 [main] INFO  DriverFactory - ChromeDriver initialized successfully
2026-01-02 13:03:07.908 [main] INFO  DriverFactory - Navigating to URL: http://localhost/openemr
2026-01-02 13:03:08.836 [main] INFO  BaseTest - Driver initialized in BaseTest
2026-01-02 13:03:08.837 [main] INFO  LoginTests - Driver initialized in BaseTest
2026-01-02 13:03:09.003 [main] INFO  BaseTest - BaseTest.tearDown() called for method: failTest
2026-01-02 13:03:09.003 [main] ERROR LoginTests - Test FAILED: failTest
java.lang.AssertionError: Intentional failure to test Allure screenshot
	at org.testng.Assert.fail(Assert.java:111) ~[testng-7.10.2.jar:7.10.2]
	at tests.LoginTests.failTest(LoginTests.java:44) ~[test-classes/:?]
	at java.base/jdk.internal.reflect.DirectMethodHandleAccessor.invoke(DirectMethodHandleAccessor.java:103) ~[?:?]
	at java.base/java.lang.reflect.Method.invoke(Method.java:580) ~[?:?]
	at org.testng.internal.invokers.MethodInvocationHelper.invokeMethod(MethodInvocationHelper.java:141) ~[testng-7.10.2.jar:7.10.2]
	at org.testng.internal.invokers.TestInvoker.invokeMethod(TestInvoker.java:686) ~[testng-7.10.2.jar:7.10.2]
	at org.testng.internal.invokers.TestInvoker.invokeTestMethod(TestInvoker.java:230) ~[testng-7.10.2.jar:7.10.2]
	at org.testng.internal.invokers.MethodRunner.runInSequence(MethodRunner.java:63) ~[testng-7.10.2.jar:7.10.2]
	at org.testng.internal.invokers.TestInvoker$MethodInvocationAgent.invoke(TestInvoker.java:992) ~[testng-7.10.2.jar:7.10.2]
	at org.testng.internal.invokers.TestInvoker.invokeTestMethods(TestInvoker.java:203) ~[testng-7.10.2.jar:7.10.2]
	at org.testng.internal.invokers.TestMethodWorker.invokeTestMethods(TestMethodWorker.java:154) ~[testng-7.10.2.jar:7.10.2]
	at org.testng.internal.invokers.TestMethodWorker.run(TestMethodWorker.java:134) ~[testng-7.10.2.jar:7.10.2]
	at java.base/java.util.ArrayList.forEach(ArrayList.java:1596) [?:?]
	at org.testng.TestRunner.privateRun(TestRunner.java:739) [testng-7.10.2.jar:7.10.2]
	at org.testng.TestRunner.run(TestRunner.java:614) [testng-7.10.2.jar:7.10.2]
	at org.testng.SuiteRunner.runTest(SuiteRunner.java:421) [testng-7.10.2.jar:7.10.2]
	at org.testng.SuiteRunner.runSequentially(SuiteRunner.java:413) [testng-7.10.2.jar:7.10.2]
	at org.testng.SuiteRunner.privateRun(SuiteRunner.java:373) [testng-7.10.2.jar:7.10.2]
	at org.testng.SuiteRunner.run(SuiteRunner.java:312) [testng-7.10.2.jar:7.10.2]
	at org.testng.SuiteRunnerWorker.runSuite(SuiteRunnerWorker.java:52) [testng-7.10.2.jar:7.10.2]
	at org.testng.SuiteRunnerWorker.run(SuiteRunnerWorker.java:95) [testng-7.10.2.jar:7.10.2]
	at org.testng.TestNG.runSuitesSequentially(TestNG.java:1274) [testng-7.10.2.jar:7.10.2]
	at org.testng.TestNG.runSuitesLocally(TestNG.java:1208) [testng-7.10.2.jar:7.10.2]
	at org.testng.TestNG.runSuites(TestNG.java:1112) [testng-7.10.2.jar:7.10.2]
	at org.testng.TestNG.run(TestNG.java:1079) [testng-7.10.2.jar:7.10.2]
	at org.testng.remote.AbstractRemoteTestNG.run(AbstractRemoteTestNG.java:115) [testng-remote.jar:?]
	at org.testng.remote.RemoteTestNG.initAndRun(RemoteTestNG.java:293) [testng-remote.jar:?]
	at org.testng.remote.RemoteTestNG.main(RemoteTestNG.java:91) [testng-remote.jar:?]
2026-01-02 13:03:09.177 [main] INFO  LoginTests - Screenshot captured at: screenshots/failTest_20260102_130309.png
2026-01-02 13:03:09.185 [main] INFO  DriverFactory - Quitting browser session
2026-01-02 13:03:09.382 [main] INFO  LoginTests - ----- Test Teardown Completed -----
2026-01-02 13:03:09.392 [main] INFO  DriverFactory - Initializing browser: chrome
2026-01-02 13:03:10.235 [main] INFO  DriverFactory - ChromeDriver initialized successfully
2026-01-02 13:03:10.235 [main] INFO  DriverFactory - Navigating to URL: http://localhost/openemr
2026-01-02 13:03:11.117 [main] INFO  BaseTest - Driver initialized in BaseTest
2026-01-02 13:03:11.117 [main] INFO  LoginTests - Driver initialized in BaseTest
2026-01-02 13:03:11.129 [main] INFO  LoginTests - === Starting test: validLoginTest ===
